2024-02-13 16:32:49:3249 debug: Example app listening at http://localhost:3000
2024-02-13 16:37:19:3719 debug: Example app listening at http://localhost:3000
2024-02-13 16:37:52:3752 http: GET /api-docs/ 304 - - 6.428 ms

2024-02-13 16:37:52:3752 http: GET /api-docs/swagger-ui-bundle.js 304 - - 4.749 ms

2024-02-13 16:37:52:3752 http: GET /api-docs/swagger-ui.css 304 - - 11.752 ms

2024-02-13 16:37:52:3752 http: GET /api-docs/swagger-ui-standalone-preset.js 304 - - 4.067 ms

2024-02-13 16:37:52:3752 http: GET /api-docs/swagger-ui-init.js 200 43469 - 1.915 ms

2024-02-13 16:37:53:3753 http: GET /api-docs/favicon-32x32.png 304 - - 1.670 ms

2024-02-13 16:38:03:383 http: GET /api/found-pets 200 24 - 80.041 ms

2024-02-13 16:38:23:3823 http: POST /api/users 200 173 - 76.518 ms

2024-02-13 16:38:37:3837 http: POST /api/users 200 172 - 140.339 ms

2024-02-13 16:38:53:3853 http: POST /api/missing-pets 200 306 - 68.926 ms

2024-02-13 16:39:08:398 http: POST /api/missing-pets 200 305 - 85.573 ms

2024-02-13 16:39:28:3928 http: POST /api/found-pets 200 311 - 111.346 ms

2024-02-13 16:39:58:3958 http: POST /api/found-pets 200 308 - 96.718 ms

2024-02-13 16:40:08:408 http: GET /api/found-pets/location/Fremantle 404 41 - 40.866 ms

2024-02-13 16:40:31:4031 http: GET /api/found-pets 200 600 - 42.145 ms

2024-02-13 16:40:56:4056 http: GET /api/found-pets/status/unclaimed 422 177 - 1.789 ms

2024-02-13 16:41:32:4132 http: GET /api-docs/ 304 - - 1.512 ms

2024-02-13 16:41:32:4132 http: GET /api-docs/swagger-ui.css 304 - - 1.016 ms

2024-02-13 16:41:32:4132 http: GET /api-docs/swagger-ui-bundle.js 304 - - 1.188 ms

2024-02-13 16:41:32:4132 http: GET /api-docs/swagger-ui-standalone-preset.js 304 - - 0.840 ms

2024-02-13 16:41:32:4132 http: GET /api-docs/swagger-ui-init.js 304 - - 0.784 ms

2024-02-13 16:41:33:4133 http: GET /api-docs/favicon-32x32.png 304 - - 1.749 ms

2024-02-13 16:41:41:4141 http: GET /api/found-pets/status/claimed 422 177 - 1.099 ms

2024-02-13 16:41:44:4144 http: GET /api/found-pets/status/claimed 422 177 - 2.006 ms

2024-02-13 16:41:52:4152 http: GET /api/found-pets/user/1 200 313 - 30.124 ms

2024-02-13 16:42:01:421 http: GET /api/found-pets/user/2 200 310 - 12.645 ms

2024-02-13 16:42:11:4211 http: GET /api/found-pets/user/3 200 24 - 7.648 ms

2024-02-13 16:42:19:4219 http: GET /api/found-pets/type/cat 422 169 - 1.696 ms

2024-02-13 16:43:03:433 error: Not Found
2024-02-13 16:43:03:433 error: Not Found
2024-02-13 16:43:03:433 http: GET /kitty-cat.png 404 35 - 5.616 ms

2024-02-13 16:43:13:4313 http: GET /api-docs/ 304 - - 1.002 ms

2024-02-13 16:43:13:4313 http: GET /api-docs/swagger-ui.css 304 - - 1.476 ms

2024-02-13 16:43:13:4313 http: GET /api-docs/swagger-ui-bundle.js 304 - - 1.638 ms

2024-02-13 16:43:13:4313 http: GET /api-docs/swagger-ui-standalone-preset.js 304 - - 0.944 ms

2024-02-13 16:43:13:4313 http: GET /api-docs/swagger-ui-init.js 304 - - 1.417 ms

2024-02-13 16:43:28:4328 http: GET /api/missing-pets 200 592 - 27.478 ms

2024-02-13 16:44:03:443 http: POST /api/missing-pets 200 302 - 56.584 ms

2024-02-13 16:44:16:4416 http: GET /api/missing-pets/location/success 404 42 - 34.513 ms

2024-02-13 16:44:28:4428 http: GET /api/missing-pets/location/Success 404 42 - 28.809 ms

2024-02-13 16:44:37:4437 http: GET /api/missing-pets/status/missing 422 177 - 0.964 ms

2024-02-13 16:44:50:4450 http: GET /api/missing-pets/type/cat 422 169 - 1.607 ms

2024-02-13 16:46:39:4639 debug: Example app listening at http://localhost:3000
2024-02-13 16:46:47:4647 error: Not Found
2024-02-13 16:46:47:4647 error: Not Found
2024-02-13 16:46:47:4647 http: GET /kitty-cat.png 404 35 - 14.077 ms

2024-02-13 16:46:55:4655 http: GET /api-docs/ 304 - - 3.721 ms

2024-02-13 16:46:55:4655 http: GET /api-docs/swagger-ui.css 304 - - 4.342 ms

2024-02-13 16:46:55:4655 http: GET /api-docs/swagger-ui-bundle.js 304 - - 1.444 ms

2024-02-13 16:46:55:4655 http: GET /api-docs/swagger-ui-standalone-preset.js 304 - - 0.912 ms

2024-02-13 16:46:55:4655 http: GET /api-docs/swagger-ui-init.js 304 - - 2.506 ms

2024-02-13 16:47:04:474 http: GET /api/messages 200 24 - 47.585 ms

2024-02-13 16:47:15:4715 http: GET /api/missing-pets 200 873 - 29.513 ms

2024-02-13 16:47:40:4740 http: GET /api/missing-pets/2 200 305 - 42.115 ms

2024-02-13 16:47:53:4753 http: GET /api/missing-pets/user/1 200 589 - 26.863 ms

2024-02-13 16:48:15:4815 http: GET /api/missing-pets/type/cat 422 169 - 3.255 ms

2024-02-13 16:53:26:5326 debug: Example app listening at http://localhost:3000
2024-02-13 16:53:44:5344 http: GET /api-docs/ 304 - - 8.528 ms

2024-02-13 16:53:44:5344 http: GET /api-docs/swagger-ui.css 304 - - 3.901 ms

2024-02-13 16:53:44:5344 http: GET /api-docs/swagger-ui-bundle.js 304 - - 1.196 ms

2024-02-13 16:53:44:5344 http: GET /api-docs/swagger-ui-standalone-preset.js 304 - - 1.567 ms

2024-02-13 16:53:44:5344 http: GET /api-docs/swagger-ui-init.js 304 - - 1.028 ms

2024-02-13 16:53:45:5345 http: GET /api-docs/favicon-32x32.png 304 - - 0.898 ms

2024-02-13 16:53:50:5350 http: GET /api/missing-pets/type/cat 200 592 - 37.771 ms

2024-02-13 16:54:06:546 http: GET /api/missing-pets/type/dog 200 304 - 22.593 ms

2024-02-13 16:54:14:5414 http: GET /api/missing-pets/type/rabbit 200 24 - 8.179 ms

2024-02-13 16:54:22:5422 http: GET /api/missing-pets/status/missing 200 592 - 10.290 ms

2024-02-13 16:54:32:5432 http: GET /api/missing-pets/status/found 200 304 - 7.287 ms

2024-02-13 16:54:41:5441 http: GET /api/missing-pets/location/Fremantle 404 42 - 7.558 ms

2024-02-13 16:57:55:5755 debug: Example app listening at http://localhost:3000
2024-02-13 16:58:00:580 http: GET /api-docs/ 304 - - 10.072 ms

2024-02-13 16:58:00:580 http: GET /api-docs/swagger-ui.css 304 - - 2.914 ms

2024-02-13 16:58:00:580 http: GET /api-docs/swagger-ui-bundle.js 304 - - 1.072 ms

2024-02-13 16:58:00:580 http: GET /api-docs/swagger-ui-standalone-preset.js 304 - - 0.778 ms

2024-02-13 16:58:00:580 http: GET /api-docs/swagger-ui-init.js 304 - - 3.085 ms

2024-02-13 16:58:01:581 http: GET /api-docs/favicon-32x32.png 304 - - 1.004 ms

2024-02-13 16:58:05:585 http: GET /api/missing-pets/location/Fremantle 200 592 - 21.249 ms

2024-02-13 16:58:19:5819 http: GET /api/missing-pets/location/success 200 304 - 42.918 ms

2024-02-13 16:58:46:5846 debug: Example app listening at http://localhost:3000
2024-02-13 16:59:10:5910 debug: Example app listening at http://localhost:3000
2024-02-13 17:00:42:042 debug: Example app listening at http://localhost:3000
2024-02-13 17:00:57:057 debug: Example app listening at http://localhost:3000
2024-02-13 17:01:03:13 http: GET /api-docs/ 304 - - 9.039 ms

2024-02-13 17:01:03:13 http: GET /api-docs/swagger-ui.css 304 - - 3.442 ms

2024-02-13 17:01:03:13 http: GET /api-docs/swagger-ui-bundle.js 304 - - 3.249 ms

2024-02-13 17:01:03:13 http: GET /api-docs/swagger-ui-standalone-preset.js 304 - - 1.469 ms

2024-02-13 17:01:03:13 http: GET /api-docs/swagger-ui-init.js 304 - - 2.358 ms

2024-02-13 17:01:04:14 http: GET /api-docs/favicon-32x32.png 304 - - 1.533 ms

2024-02-13 17:01:12:112 http: GET /api/found-pets 304 - - 68.890 ms

2024-02-13 17:01:29:129 http: GET /api/found-pets/type/dog 200 310 - 51.094 ms

2024-02-13 17:01:47:147 http: GET /api/found-pets/status/claimed 200 310 - 26.846 ms

2024-02-13 17:01:57:157 http: GET /api/found-pets/location/Fremantle 200 310 - 24.768 ms

2024-02-13 21:32:04:324 debug: Example app listening at http://localhost:3000
2024-02-13 21:32:16:3216 error: Not Found
2024-02-13 21:32:16:3216 error: Not Found
2024-02-13 21:32:16:3216 http: GET /kitty-cat.png 404 35 - 9.865 ms

2024-02-13 21:32:29:3229 http: GET /api-docs/ 304 - - 5.895 ms

2024-02-13 21:32:29:3229 http: GET /api-docs/swagger-ui.css 304 - - 4.442 ms

2024-02-13 21:32:29:3229 http: GET /api-docs/swagger-ui-bundle.js 304 - - 5.211 ms

2024-02-13 21:32:29:3229 http: GET /api-docs/swagger-ui-standalone-preset.js 304 - - 2.179 ms

2024-02-13 21:32:29:3229 http: GET /api-docs/swagger-ui-init.js 304 - - 1.276 ms

2024-02-13 21:32:47:3247 http: GET /api/users 200 326 - 115.006 ms

2024-02-13 21:33:13:3313 http: GET /api/missing-pets/user/3 200 24 - 48.152 ms

2024-02-13 21:35:57:3557 http: GET /api/missing-pets/type/cow 200 24 - 45.926 ms

