2024-02-10 21:07:49:749 error: Not Found
2024-02-10 21:07:49:749 error: Not Found
2024-02-10 21:08:36:836 error: Cannot add or update a child row: a foreign key constraint fails (`pawpatroldb`.`MissingPets`, CONSTRAINT `MissingPets_ibfk_1` FOREIGN KEY (`userId`) REFERENCES `Users` (`id`) ON DELETE CASCADE ON UPDATE CASCADE)
2024-02-10 21:33:36:3336 error: Not Found
2024-02-10 21:33:36:3336 error: Not Found
2024-02-10 22:34:51:3451 error: Not Found
2024-02-10 22:34:51:3451 error: Not Found
2024-02-10 22:37:14:3714 error: Not Found
2024-02-10 22:37:14:3714 error: Not Found
2024-02-10 22:46:54:4654 error: Cannot add or update a child row: a foreign key constraint fails (`pawpatroldb`.`Messages`, CONSTRAINT `Messages_ibfk_1` FOREIGN KEY (`userId`) REFERENCES `Users` (`id`) ON DELETE CASCADE ON UPDATE CASCADE)
2024-02-10 23:02:30:230 error: commentController is not defined
2024-02-10 23:05:45:545 error: commentController is not defined
2024-02-10 23:49:08:498 error: Not Found
2024-02-10 23:49:08:498 error: Not Found
2024-02-10 23:50:39:5039 error: Cannot add or update a child row: a foreign key constraint fails (`pawpatroldb`.`Messages`, CONSTRAINT `Messages_ibfk_2` FOREIGN KEY (`missingPetId`) REFERENCES `MissingPets` (`id`) ON DELETE CASCADE ON UPDATE CASCADE)
2024-02-10 23:53:05:535 error: Unexpected token s in JSON at position 109
2024-02-13 16:43:03:433 error: Not Found
2024-02-13 16:43:03:433 error: Not Found
2024-02-13 16:46:47:4647 error: Not Found
2024-02-13 16:46:47:4647 error: Not Found
2024-02-13 21:32:16:3216 error: Not Found
2024-02-13 21:32:16:3216 error: Not Found
2024-02-15 22:34:26:3426 error: Not Found
2024-02-15 22:34:26:3426 error: Not Found
2024-02-15 22:34:27:3427 error: Not Found
2024-02-15 22:34:27:3427 error: Not Found
2024-02-15 22:34:36:3436 error: Not Found
2024-02-15 22:34:36:3436 error: Not Found
2024-02-16 00:44:37:4437 error: Not Found
2024-02-16 00:44:37:4437 error: Not Found
2024-02-16 00:57:06:576 error: Not Found
2024-02-16 00:57:06:576 error: Not Found
2024-02-16 09:23:26:2326 error: Not Found
2024-02-16 09:23:26:2326 error: Not Found
2024-02-16 09:55:42:5542 error: Only image files are allowed!
2024-02-16 09:57:35:5735 error: Only image files are allowed!
2024-02-17 16:00:50:050 error: Not Found
2024-02-17 16:00:50:050 error: Not Found
2024-02-21 13:26:59:2659 error: Not Found
2024-02-21 13:26:59:2659 error: Not Found
2024-02-21 13:26:59:2659 error: Not Found
2024-02-21 13:26:59:2659 error: Not Found
2024-02-21 14:08:21:821 error: Unexpected token a in JSON at position 12
2024-02-22 13:52:56:5256 error: errors is not defined
2024-02-22 13:53:28:5328 error: Not Found
2024-02-22 13:53:28:5328 error: Not Found
2024-02-22 13:54:27:5427 error: secretOrPrivateKey must have a value
2024-02-22 14:38:02:382 error: Not Found
2024-02-22 14:38:02:382 error: Not Found
2024-02-22 14:38:04:384 error: Not Found
2024-02-22 14:38:04:384 error: Not Found
2024-02-22 20:57:12:5712 error: Not Found
2024-02-22 20:57:12:5712 error: Not Found
2024-02-25 22:02:13:213 error: Unexpected token - in JSON at position 0
2024-02-25 22:03:10:310 error: Unexpected token - in JSON at position 0
2024-02-25 22:26:12:2612 error: Not Found
2024-02-25 22:26:12:2612 error: Not Found
2024-02-25 22:31:00:310 error: Not Found
2024-02-25 22:31:00:310 error: Not Found
2024-02-26 15:04:11:411 error: Not Found
2024-02-26 15:04:11:411 error: Not Found
2024-02-26 20:36:24:3624 error: Not Found
2024-02-26 20:36:24:3624 error: Not Found
2024-02-27 21:48:59:4859 error: Not Found
2024-02-27 21:48:59:4859 error: Not Found
2024-02-27 21:51:22:5122 error: Unexpected token g in JSON at position 30
2024-02-27 21:55:03:553 error: Cannot add or update a child row: a foreign key constraint fails (`pawpatroldb`.`Messages`, CONSTRAINT `Messages_ibfk_2` FOREIGN KEY (`missingPetId`) REFERENCES `MissingPets` (`id`) ON DELETE CASCADE ON UPDATE CASCADE)
2024-02-27 21:55:20:5520 error: Cannot add or update a child row: a foreign key constraint fails (`pawpatroldb`.`Messages`, CONSTRAINT `Messages_ibfk_2` FOREIGN KEY (`missingPetId`) REFERENCES `MissingPets` (`id`) ON DELETE CASCADE ON UPDATE CASCADE)
2024-02-27 21:55:57:5557 error: Cannot add or update a child row: a foreign key constraint fails (`pawpatroldb`.`Messages`, CONSTRAINT `Messages_ibfk_2` FOREIGN KEY (`missingPetId`) REFERENCES `MissingPets` (`id`) ON DELETE CASCADE ON UPDATE CASCADE)
2024-02-27 22:00:19:019 error: Cannot add or update a child row: a foreign key constraint fails (`pawpatroldb`.`Messages`, CONSTRAINT `Messages_ibfk_2` FOREIGN KEY (`missingPetId`) REFERENCES `MissingPets` (`id`) ON DELETE CASCADE ON UPDATE CASCADE)
2024-02-28 17:56:56:5656 error: Not Found
2024-02-28 17:56:56:5656 error: Not Found
2024-02-28 17:56:56:5656 error: Not Found
2024-02-28 17:56:56:5656 error: Not Found
2024-02-28 17:57:04:574 error: Not Found
2024-02-28 17:57:04:574 error: Not Found
2024-02-28 17:57:04:574 error: Not Found
2024-02-28 17:57:04:574 error: Not Found
2024-02-28 18:07:05:75 error: Not Found
2024-02-28 18:07:05:75 error: Not Found
2024-02-28 18:07:05:75 error: Not Found
2024-02-28 18:07:05:75 error: Not Found
2024-02-28 18:08:09:89 error: Not Found
2024-02-28 18:08:09:89 error: Not Found
2024-02-28 18:08:09:89 error: Not Found
2024-02-28 18:08:09:89 error: Not Found
2024-02-28 18:22:15:2215 error: Not Found
2024-02-28 18:22:15:2215 error: Not Found
2024-02-28 18:22:16:2216 error: Not Found
2024-02-28 18:22:16:2216 error: Not Found
2024-02-28 18:22:35:2235 error: Not Found
2024-02-28 18:22:35:2235 error: Not Found
2024-02-28 18:22:35:2235 error: Not Found
2024-02-28 18:22:35:2235 error: Not Found
2024-02-28 19:13:17:1317 error: Not Found
2024-02-28 19:13:17:1317 error: Not Found
2024-02-28 19:13:18:1318 error: Not Found
2024-02-28 19:13:18:1318 error: Not Found
2024-02-28 19:13:37:1337 error: Not Found
2024-02-28 19:13:37:1337 error: Not Found
2024-02-28 19:13:37:1337 error: Not Found
2024-02-28 19:13:38:1338 error: Not Found
2024-02-28 19:43:24:4324 error: Not Found
2024-02-28 19:43:24:4324 error: Not Found
2024-02-28 19:43:24:4324 error: Not Found
2024-02-28 19:43:25:4325 error: Not Found
2024-02-28 19:44:21:4421 error: Not Found
2024-02-28 19:44:21:4421 error: Not Found
2024-02-28 19:44:21:4421 error: Not Found
2024-02-28 19:44:21:4421 error: Not Found
2024-02-28 19:44:35:4435 error: Not Found
2024-02-28 19:44:35:4435 error: Not Found
2024-02-28 19:44:35:4435 error: Not Found
2024-02-28 19:44:35:4435 error: Not Found
2024-02-28 19:50:59:5059 error: Not Found
2024-02-28 19:51:00:510 error: Not Found
2024-02-28 19:51:00:510 error: Not Found
2024-02-28 19:51:00:510 error: Not Found
2024-02-28 19:54:30:5430 error: Not Found
2024-02-28 19:54:30:5430 error: Not Found
2024-02-28 19:54:31:5431 error: Not Found
2024-02-28 19:54:31:5431 error: Not Found
2024-02-28 19:54:50:5450 error: Not Found
2024-02-28 19:54:50:5450 error: Not Found
2024-02-28 19:54:50:5450 error: Not Found
2024-02-28 19:54:50:5450 error: Not Found
2024-02-28 20:57:00:570 error: Not Found
2024-02-28 20:57:00:570 error: Not Found
2024-02-28 20:57:00:570 error: Not Found
2024-02-28 20:57:00:570 error: Not Found
2024-02-28 20:57:16:5716 error: Not Found
2024-02-28 20:57:16:5716 error: Not Found
2024-02-28 20:57:16:5716 error: Not Found
2024-02-28 20:57:16:5716 error: Not Found
2024-02-28 21:24:40:2440 error: Not Found
2024-02-28 21:24:40:2440 error: Not Found
2024-02-28 21:24:41:2441 error: Not Found
2024-02-28 21:24:41:2441 error: Not Found
2024-02-29 09:21:59:2159 error: Not Found
2024-02-29 09:21:59:2159 error: Not Found
2024-02-29 09:22:11:2211 error: Not Found
2024-02-29 09:22:11:2211 error: Not Found
2024-02-29 09:25:28:2528 error: Not Found
2024-02-29 09:25:28:2528 error: Not Found
2024-02-29 09:25:28:2528 error: Not Found
2024-02-29 09:25:28:2528 error: Not Found
2024-02-29 09:25:36:2536 error: Not Found
2024-02-29 09:25:36:2536 error: Not Found
2024-02-29 09:25:36:2536 error: Not Found
2024-02-29 09:25:36:2536 error: Not Found
2024-02-29 09:32:15:3215 error: Not Found
2024-02-29 09:32:15:3215 error: Not Found
2024-02-29 09:32:15:3215 error: Not Found
2024-02-29 09:32:15:3215 error: Not Found
2024-02-29 09:32:59:3259 error: Not Found
2024-02-29 09:32:59:3259 error: Not Found
2024-02-29 09:32:59:3259 error: Not Found
2024-02-29 09:32:59:3259 error: Not Found
2024-02-29 09:34:52:3452 error: Not Found
2024-02-29 09:34:52:3452 error: Not Found
2024-02-29 09:34:52:3452 error: Not Found
2024-02-29 09:34:52:3452 error: Not Found
2024-02-29 09:37:02:372 error: Not Found
2024-02-29 09:37:02:372 error: Not Found
2024-02-29 09:37:02:372 error: Not Found
2024-02-29 09:37:02:372 error: Not Found
2024-02-29 09:40:15:4015 error: Not Found
2024-02-29 09:40:15:4015 error: Not Found
2024-02-29 09:40:15:4015 error: Not Found
2024-02-29 09:40:15:4015 error: Not Found
2024-02-29 09:46:59:4659 error: Not Found
2024-02-29 09:46:59:4659 error: Not Found
2024-02-29 09:46:59:4659 error: Not Found
2024-02-29 09:46:59:4659 error: Not Found
2024-02-29 09:52:06:526 error: Not Found
2024-02-29 09:52:06:526 error: Not Found
2024-02-29 09:52:06:526 error: Not Found
2024-02-29 09:52:06:526 error: Not Found
2024-02-29 10:32:18:3218 error: Not Found
2024-02-29 10:32:18:3218 error: Not Found
2024-02-29 10:32:18:3218 error: Not Found
2024-02-29 10:32:18:3218 error: Not Found
2024-02-29 11:01:21:121 error: Not Found
2024-02-29 11:01:21:121 error: Not Found
2024-02-29 11:01:21:121 error: Not Found
2024-02-29 11:01:21:121 error: Not Found
2024-02-29 11:19:19:1919 error: Not Found
2024-02-29 11:19:19:1919 error: Not Found
2024-02-29 11:19:19:1919 error: Not Found
2024-02-29 11:19:19:1919 error: Not Found
2024-02-29 11:46:48:4648 error: Not Found
2024-02-29 11:46:48:4648 error: Not Found
2024-02-29 11:46:48:4648 error: Not Found
2024-02-29 11:46:48:4648 error: Not Found
2024-02-29 11:46:58:4658 error: Not Found
2024-02-29 11:46:58:4658 error: Not Found
2024-02-29 11:46:58:4658 error: Not Found
2024-02-29 11:46:58:4658 error: Not Found
2024-02-29 11:47:54:4754 error: Not Found
2024-02-29 11:47:54:4754 error: Not Found
2024-02-29 11:47:55:4755 error: Not Found
2024-02-29 11:47:55:4755 error: Not Found
2024-02-29 11:48:24:4824 error: Not Found
2024-02-29 11:48:24:4824 error: Not Found
2024-02-29 11:51:08:518 error: Not Found
2024-02-29 11:51:08:518 error: Not Found
2024-02-29 11:51:08:518 error: Not Found
2024-02-29 11:51:08:518 error: Not Found
2024-02-29 11:51:15:5115 error: Not Found
2024-02-29 11:51:15:5115 error: Not Found
2024-02-29 11:51:15:5115 error: Not Found
2024-02-29 11:51:15:5115 error: Not Found
2024-02-29 11:53:21:5321 error: Not Found
2024-02-29 11:53:21:5321 error: Not Found
2024-02-29 11:53:29:5329 error: Not Found
2024-02-29 11:53:29:5329 error: Not Found
2024-02-29 11:53:34:5334 error: Not Found
2024-02-29 11:53:34:5334 error: Not Found
2024-02-29 11:53:34:5334 error: Not Found
2024-02-29 11:53:34:5334 error: Not Found
2024-02-29 11:53:55:5355 error: Not Found
2024-02-29 11:53:55:5355 error: Not Found
2024-02-29 11:53:58:5358 error: Not Found
2024-02-29 11:53:58:5358 error: Not Found
2024-02-29 11:53:58:5358 error: Not Found
2024-02-29 11:53:58:5358 error: Not Found
2024-02-29 11:58:30:5830 error: Not Found
2024-02-29 11:58:30:5830 error: Not Found
2024-02-29 11:58:30:5830 error: Not Found
2024-02-29 11:58:30:5830 error: Not Found
2024-02-29 12:06:39:639 error: Not Found
2024-02-29 12:06:39:639 error: Not Found
2024-02-29 12:11:33:1133 error: Not Found
2024-02-29 12:11:33:1133 error: Not Found
2024-02-29 12:12:32:1232 error: Not Found
2024-02-29 12:12:32:1232 error: Not Found
2024-02-29 12:12:34:1234 error: Not Found
2024-02-29 12:12:34:1234 error: Not Found
2024-02-29 12:25:24:2524 error: Not Found
2024-02-29 12:25:24:2524 error: Not Found
2024-02-29 12:25:24:2524 error: Not Found
2024-02-29 12:25:24:2524 error: Not Found
2024-02-29 12:25:34:2534 error: Not Found
2024-02-29 12:25:34:2534 error: Not Found
2024-02-29 12:25:42:2542 error: Not Found
2024-02-29 12:25:42:2542 error: Not Found
2024-02-29 12:25:50:2550 error: Not Found
2024-02-29 12:25:50:2550 error: Not Found
2024-02-29 12:25:50:2550 error: Not Found
2024-02-29 12:25:50:2550 error: Not Found
2024-02-29 12:26:05:265 error: Not Found
2024-02-29 12:26:05:265 error: Not Found
2024-02-29 12:26:05:265 error: Not Found
2024-02-29 12:26:05:265 error: Not Found
2024-02-29 12:26:19:2619 error: Not Found
2024-02-29 12:26:19:2619 error: Not Found
2024-02-29 12:26:19:2619 error: Not Found
2024-02-29 12:26:19:2619 error: Not Found
2024-02-29 12:33:57:3357 error: Not Found
2024-02-29 12:33:57:3357 error: Not Found
2024-02-29 12:35:05:355 error: Not Found
2024-02-29 12:35:05:355 error: Not Found
2024-02-29 12:38:45:3845 error: Not Found
2024-02-29 12:38:45:3845 error: Not Found
2024-02-29 12:39:44:3944 error: Not Found
2024-02-29 12:39:44:3944 error: Not Found
2024-02-29 22:40:23:4023 error: Not Found
2024-02-29 22:40:23:4023 error: Not Found
2024-02-29 22:58:22:5822 error: Not Found
2024-02-29 22:58:22:5822 error: Not Found
2024-02-29 23:19:35:1935 error: MissingPetController.getMissingPets(...).sort is not a function
2024-02-29 23:19:35:1935 error: MissingPetController.getMissingPets(...).sort is not a function
2024-02-29 23:19:35:1935 error: MissingPetController.getMissingPets(...).sort is not a function
2024-02-29 23:19:35:1935 error: MissingPetController.getMissingPets(...).sort is not a function
2024-02-29 23:19:44:1944 error: MissingPetController.getMissingPets(...).sort is not a function
2024-02-29 23:19:44:1944 error: MissingPetController.getMissingPets(...).sort is not a function
2024-02-29 23:19:44:1944 error: MissingPetController.getMissingPets(...).sort is not a function
2024-02-29 23:19:44:1944 error: MissingPetController.getMissingPets(...).sort is not a function
